{"level":30,"time":1772327271313,"pid":1376,"hostname":"Macofweb3","msg":"Redis connection established."}
Starting Stress Test: Taker=f8b01f58-082c-484f-8a1c-0fc1e41f9ef2, RFQ=402a59ed-2c41-4ce1-b996-345b434da98c
Running serial verification...
{"level":30,"time":1772327273369,"pid":1376,"hostname":"Macofweb3","sessionId":"402a59ed-2c41-4ce1-b996-345b434da98c","quoteId":"04ba2130-c969-44e8-997e-56508ed67ae7","lockKey":"risk:lock:exec:402a59ed-2c41-4ce1-b996-345b434da98c","msg":"Risk validation success before execution."}
Serial verification SUCCESS
Reservation failure 1: Reservation already exists for this RFQ
Reservation failure 2: Reservation already exists for this RFQ
Reservation failure 3: Reservation already exists for this RFQ
Reservation failure 4: Reservation already exists for this RFQ
Reservation failure 5: Reservation already exists for this RFQ
Reservations finished. Successes: 0, Failures: 100
node.exe : CRITICAL FAILURE: Expected exactly 1 
reservation success, but got 0
At line:1 char:1
+ & "C:\Program Files\nodejs/node.exe" "C:\Program 
Files\nodejs/node_mo ...
+ ~~~~~~~~~~~~~~~~~~~~~~~~~~~~~~~~~~~~~~~~~~~~~~~~~~
~~~~~~~~~~~~~~~~~~~
    + CategoryInfo          : NotSpecified: (CRITIC 
   AL FAILUR...cess, but got 0:String) [], RemoteE  
  xception
    + FullyQualifiedErrorId : NativeCommandError
 
